<?xml version="1.0" encoding="UTF-8"?>
<!-- Generated by org.testng.reporters.JUnitReportReporter -->
<testsuite hostname="W1064BNSCBR5" name="API.rest.restAPI_pseudo" tests="1" failures="0" timestamp="9 Jan 2020 12:33:03 GMT" time="7.257" errors="0">
  <testcase name="getdata" time="7.257" classname="API.rest.restAPI_pseudo"/>
</testsuite> <!-- API.rest.restAPI_pseudo -->
